[INFO] Scanning for projects...
[INFO] 
[INFO] ------------------------< com.ivis:ojt-ai-boot >------------------------
[INFO] Building ojt-ai-boot 0.0.1-SNAPSHOT
[INFO]   from pom.xml
[INFO] --------------------------------[ jar ]---------------------------------
[INFO] 
[INFO] >>> spring-boot:3.4.1:run (default-cli) > test-compile @ ojt-ai-boot >>>
[INFO] 
[INFO] --- resources:3.3.1:resources (default-resources) @ ojt-ai-boot ---
[INFO] Copying 1 resource from src/main/resources to target/classes
[INFO] Copying 0 resource from src/main/resources to target/classes
[INFO] 
[INFO] --- compiler:3.13.0:compile (default-compile) @ ojt-ai-boot ---
[INFO] Recompiling the module because of changed source code.
[INFO] Compiling 6 source files with javac [debug parameters release 17] to target/classes
[INFO] -------------------------------------------------------------
[ERROR] COMPILATION ERROR : 
[INFO] -------------------------------------------------------------
[ERROR] /workspace/ojt-ai-boot/src/main/java/com/ivis/boot/controller/AuthController.java:[7,14] package lombok does not exist
[ERROR] /workspace/ojt-ai-boot/src/main/java/com/ivis/boot/controller/AuthController.java:[16,2] cannot find symbol
  symbol: class RequiredArgsConstructor
[ERROR] /workspace/ojt-ai-boot/src/main/java/com/ivis/boot/service/AuthService.java:[6,14] package lombok does not exist
[ERROR] /workspace/ojt-ai-boot/src/main/java/com/ivis/boot/service/AuthService.java:[12,2] cannot find symbol
  symbol: class RequiredArgsConstructor
[ERROR] /workspace/ojt-ai-boot/src/main/java/com/ivis/boot/dto/auth/LoginRequest.java:[3,14] package lombok does not exist
[ERROR] /workspace/ojt-ai-boot/src/main/java/com/ivis/boot/dto/auth/LoginRequest.java:[5,2] cannot find symbol
  symbol: class Data
[ERROR] /workspace/ojt-ai-boot/src/main/java/com/ivis/boot/dto/auth/LoginResponse.java:[3,14] package lombok does not exist
[ERROR] /workspace/ojt-ai-boot/src/main/java/com/ivis/boot/dto/auth/LoginResponse.java:[4,14] package lombok does not exist
[ERROR] /workspace/ojt-ai-boot/src/main/java/com/ivis/boot/dto/auth/LoginResponse.java:[6,2] cannot find symbol
  symbol: class Data
[ERROR] /workspace/ojt-ai-boot/src/main/java/com/ivis/boot/dto/auth/LoginResponse.java:[7,2] cannot find symbol
  symbol: class AllArgsConstructor
[ERROR] /workspace/ojt-ai-boot/src/main/java/com/ivis/boot/service/AuthService.java:[22,46] cannot find symbol
  symbol:   method getUsername()
  location: variable req of type com.ivis.boot.dto.auth.LoginRequest
[ERROR] /workspace/ojt-ai-boot/src/main/java/com/ivis/boot/service/AuthService.java:[23,47] cannot find symbol
  symbol:   method getPassword()
  location: variable req of type com.ivis.boot.dto.auth.LoginRequest
[ERROR] /workspace/ojt-ai-boot/src/main/java/com/ivis/boot/service/AuthService.java:[25,57] cannot find symbol
  symbol:   method getUsername()
  location: variable req of type com.ivis.boot.dto.auth.LoginRequest
[ERROR] /workspace/ojt-ai-boot/src/main/java/com/ivis/boot/service/AuthService.java:[26,52] cannot find symbol
  symbol:   method getUsername()
  location: variable req of type com.ivis.boot.dto.auth.LoginRequest
[ERROR] /workspace/ojt-ai-boot/src/main/java/com/ivis/boot/service/AuthService.java:[28,27] incompatible types: reactor.core.publisher.Mono<java.lang.Object> cannot be converted to reactor.core.publisher.Mono<com.ivis.boot.dto.auth.LoginResponse>
[INFO] 15 errors 
[INFO] -------------------------------------------------------------
[INFO] ------------------------------------------------------------------------
[INFO] BUILD FAILURE
[INFO] ------------------------------------------------------------------------
[INFO] Total time:  7.539 s
[INFO] Finished at: 2025-12-17T18:17:03+09:00
[INFO] ------------------------------------------------------------------------
[ERROR] Failed to execute goal org.apache.maven.plugins:maven-compiler-plugin:3.13.0:compile (default-compile) on project ojt-ai-boot: Compilation failure: Compilation failure: 
[ERROR] /workspace/ojt-ai-boot/src/main/java/com/ivis/boot/controller/AuthController.java:[7,14] package lombok does not exist
[ERROR] /workspace/ojt-ai-boot/src/main/java/com/ivis/boot/controller/AuthController.java:[16,2] cannot find symbol
[ERROR]   symbol: class RequiredArgsConstructor
[ERROR] /workspace/ojt-ai-boot/src/main/java/com/ivis/boot/service/AuthService.java:[6,14] package lombok does not exist
[ERROR] /workspace/ojt-ai-boot/src/main/java/com/ivis/boot/service/AuthService.java:[12,2] cannot find symbol
[ERROR]   symbol: class RequiredArgsConstructor
[ERROR] /workspace/ojt-ai-boot/src/main/java/com/ivis/boot/dto/auth/LoginRequest.java:[3,14] package lombok does not exist
[ERROR] /workspace/ojt-ai-boot/src/main/java/com/ivis/boot/dto/auth/LoginRequest.java:[5,2] cannot find symbol
[ERROR]   symbol: class Data
[ERROR] /workspace/ojt-ai-boot/src/main/java/com/ivis/boot/dto/auth/LoginResponse.java:[3,14] package lombok does not exist
[ERROR] /workspace/ojt-ai-boot/src/main/java/com/ivis/boot/dto/auth/LoginResponse.java:[4,14] package lombok does not exist
[ERROR] /workspace/ojt-ai-boot/src/main/java/com/ivis/boot/dto/auth/LoginResponse.java:[6,2] cannot find symbol
[ERROR]   symbol: class Data
[ERROR] /workspace/ojt-ai-boot/src/main/java/com/ivis/boot/dto/auth/LoginResponse.java:[7,2] cannot find symbol
[ERROR]   symbol: class AllArgsConstructor
[ERROR] /workspace/ojt-ai-boot/src/main/java/com/ivis/boot/service/AuthService.java:[22,46] cannot find symbol
[ERROR]   symbol:   method getUsername()
[ERROR]   location: variable req of type com.ivis.boot.dto.auth.LoginRequest
[ERROR] /workspace/ojt-ai-boot/src/main/java/com/ivis/boot/service/AuthService.java:[23,47] cannot find symbol
[ERROR]   symbol:   method getPassword()
[ERROR]   location: variable req of type com.ivis.boot.dto.auth.LoginRequest
[ERROR] /workspace/ojt-ai-boot/src/main/java/com/ivis/boot/service/AuthService.java:[25,57] cannot find symbol
[ERROR]   symbol:   method getUsername()
[ERROR]   location: variable req of type com.ivis.boot.dto.auth.LoginRequest
[ERROR] /workspace/ojt-ai-boot/src/main/java/com/ivis/boot/service/AuthService.java:[26,52] cannot find symbol
[ERROR]   symbol:   method getUsername()
[ERROR]   location: variable req of type com.ivis.boot.dto.auth.LoginRequest
[ERROR] /workspace/ojt-ai-boot/src/main/java/com/ivis/boot/service/AuthService.java:[28,27] incompatible types: reactor.core.publisher.Mono<java.lang.Object> cannot be converted to reactor.core.publisher.Mono<com.ivis.boot.dto.auth.LoginResponse>
[ERROR] -> [Help 1]
[ERROR] 
[ERROR] To see the full stack trace of the errors, re-run Maven with the -e switch.
[ERROR] Re-run Maven using the -X switch to enable full debug logging.
[ERROR] 
[ERROR] For more information about the errors and possible solutions, please read the following articles:
[ERROR] [Help 1] http://cwiki.apache.org/confluence/display/MAVEN/MojoFailureException
