[INFO] Scanning for projects...
[INFO] 
[INFO] ------------------------< com.ivis:ojt-ai-boot >------------------------
[INFO] Building ojt-ai-boot 0.0.1-SNAPSHOT
[INFO]   from pom.xml
[INFO] --------------------------------[ jar ]---------------------------------
[INFO] 
[INFO] >>> spring-boot:3.4.1:run (default-cli) > test-compile @ ojt-ai-boot >>>
[INFO] 
[INFO] --- resources:3.3.1:resources (default-resources) @ ojt-ai-boot ---
[INFO] Copying 1 resource from src/main/resources to target/classes
[INFO] Copying 0 resource from src/main/resources to target/classes
[INFO] 
[INFO] --- compiler:3.13.0:compile (default-compile) @ ojt-ai-boot ---
[INFO] Nothing to compile - all classes are up to date.
[INFO] 
[INFO] --- resources:3.3.1:testResources (default-testResources) @ ojt-ai-boot ---
[INFO] skip non existing resourceDirectory /workspace/ojt-ai-boot/src/test/resources
[INFO] 
[INFO] --- compiler:3.13.0:testCompile (default-testCompile) @ ojt-ai-boot ---
[INFO] No sources to compile
[INFO] 
[INFO] <<< spring-boot:3.4.1:run (default-cli) < test-compile @ ojt-ai-boot <<<
[INFO] 
[INFO] 
[INFO] --- spring-boot:3.4.1:run (default-cli) @ ojt-ai-boot ---
[INFO] Attaching agents: []

  .   ____          _            __ _ _
 /\\ / ___'_ __ _ _(_)_ __  __ _ \ \ \ \
( ( )\___ | '_ | '_| | '_ \/ _` | \ \ \ \
 \\/  ___)| |_)| | | | | || (_| |  ) ) ) )
  '  |____| .__|_| |_|_| |_\__, | / / / /
 =========|_|==============|___/=/_/_/_/

 :: Spring Boot ::                (v3.4.1)

2025-12-17T18:20:17.827+09:00  INFO 257 --- [ojt-ai-backend] [           main] com.ivis.boot.OjtAiApplication           : Starting OjtAiApplication using Java 17.0.17 with PID 257 (/workspace/ojt-ai-boot/target/classes started by vscode in /workspace/ojt-ai-boot)
2025-12-17T18:20:17.843+09:00 DEBUG 257 --- [ojt-ai-backend] [           main] com.ivis.boot.OjtAiApplication           : Running with Spring Boot v3.4.1, Spring v6.2.1
2025-12-17T18:20:17.846+09:00  INFO 257 --- [ojt-ai-backend] [           main] com.ivis.boot.OjtAiApplication           : No active profile set, falling back to 1 default profile: "default"
2025-12-17T18:20:22.131+09:00  INFO 257 --- [ojt-ai-backend] [           main] .s.d.r.c.RepositoryConfigurationDelegate : Multiple Spring Data modules found, entering strict repository configuration mode
2025-12-17T18:20:22.188+09:00  INFO 257 --- [ojt-ai-backend] [           main] .s.d.r.c.RepositoryConfigurationDelegate : Bootstrapping Spring Data Redis repositories in DEFAULT mode.
2025-12-17T18:20:22.489+09:00  INFO 257 --- [ojt-ai-backend] [           main] .s.d.r.c.RepositoryConfigurationDelegate : Finished Spring Data repository scanning in 160 ms. Found 0 Redis repository interfaces.
2025-12-17T18:20:25.864+09:00  INFO 257 --- [ojt-ai-backend] [           main] o.s.b.w.embedded.tomcat.TomcatWebServer  : Tomcat initialized with port 8080 (http)
2025-12-17T18:20:25.933+09:00  INFO 257 --- [ojt-ai-backend] [           main] o.apache.catalina.core.StandardService   : Starting service [Tomcat]
2025-12-17T18:20:25.934+09:00  INFO 257 --- [ojt-ai-backend] [           main] o.apache.catalina.core.StandardEngine    : Starting Servlet engine: [Apache Tomcat/10.1.34]
2025-12-17T18:20:31.376+09:00  INFO 257 --- [ojt-ai-backend] [           main] ctiveUserDetailsServiceAutoConfiguration : 

Using generated security password: 7cb48980-8360-44cb-85b2-05e7f0b91b44

2025-12-17T18:20:34.732+09:00  INFO 257 --- [ojt-ai-backend] [           main] o.s.m.s.b.SimpleBrokerMessageHandler     : Starting...
2025-12-17T18:20:34.737+09:00  INFO 257 --- [ojt-ai-backend] [           main] o.s.m.s.b.SimpleBrokerMessageHandler     : BrokerAvailabilityEvent[available=true, SimpleBrokerMessageHandler [org.springframework.messaging.simp.broker.DefaultSubscriptionRegistry@4b3ad7ca]]
2025-12-17T18:20:34.750+09:00  INFO 257 --- [ojt-ai-backend] [           main] o.s.m.s.b.SimpleBrokerMessageHandler     : Started.
2025-12-17T18:20:34.812+09:00  INFO 257 --- [ojt-ai-backend] [           main] o.s.m.s.b.SimpleBrokerMessageHandler     : Stopping...
2025-12-17T18:20:34.817+09:00  INFO 257 --- [ojt-ai-backend] [           main] o.s.m.s.b.SimpleBrokerMessageHandler     : BrokerAvailabilityEvent[available=false, SimpleBrokerMessageHandler [org.springframework.messaging.simp.broker.DefaultSubscriptionRegistry@4b3ad7ca]]
2025-12-17T18:20:34.818+09:00  INFO 257 --- [ojt-ai-backend] [           main] o.s.m.s.b.SimpleBrokerMessageHandler     : Stopped.
2025-12-17T18:20:34.943+09:00  WARN 257 --- [ojt-ai-backend] [           main] onfigReactiveWebServerApplicationContext : Exception encountered during context initialization - cancelling refresh attempt: org.springframework.context.ApplicationContextException: Failed to start bean 'webServerStartStop'
2025-12-17T18:20:35.004+09:00  INFO 257 --- [ojt-ai-backend] [           main] .s.b.a.l.ConditionEvaluationReportLogger : 

Error starting ApplicationContext. To display the condition evaluation report re-run your application with 'debug' enabled.
2025-12-17T18:20:35.120+09:00 ERROR 257 --- [ojt-ai-backend] [           main] o.s.b.d.LoggingFailureAnalysisReporter   : 

***************************
APPLICATION FAILED TO START
***************************

Description:

Web server failed to start. Port 8080 was already in use.

Action:

Identify and stop the process that's listening on port 8080 or configure this application to listen on another port.

